{"name": "test_search_without_entering_any_product", "status": "failed", "statusDetails": {"message": "AssertionError: assert False\n +  where False = <method-wrapper '__eq__' of str object at 0x000001D4114495A0>('There is no product that matches the search criteria.ABC')\n +    where <method-wrapper '__eq__' of str object at 0x000001D4114495A0> = 'There is no product that matches the search criteria.'.__eq__\n +      where 'There is no product that matches the search criteria.' = <bound method SearchPage.retrieve_no_product_message of <pages.SearchPage.SearchPage object at 0x000001D411196810>>()\n +        where <bound method SearchPage.retrieve_no_product_message of <pages.SearchPage.SearchPage object at 0x000001D411196810>> = <pages.SearchPage.SearchPage object at 0x000001D411196810>.retrieve_no_product_message", "trace": "self = <tests.test_Search.TestSearch object at 0x000001D411441D50>\n\n    def test_search_without_entering_any_product(self):\n        home_page = HomePage(self.driver)\n        search_page = home_page.search_for_a_product(\"\")\n        expected_text = \"There is no product that matches the search criteria.ABC\"\n>       assert search_page.retrieve_no_product_message().__eq__(expected_text)\nE       AssertionError: assert False\nE        +  where False = <method-wrapper '__eq__' of str object at 0x000001D4114495A0>('There is no product that matches the search criteria.ABC')\nE        +    where <method-wrapper '__eq__' of str object at 0x000001D4114495A0> = 'There is no product that matches the search criteria.'.__eq__\nE        +      where 'There is no product that matches the search criteria.' = <bound method SearchPage.retrieve_no_product_message of <pages.SearchPage.SearchPage object at 0x000001D411196810>>()\nE        +        where <bound method SearchPage.retrieve_no_product_message of <pages.SearchPage.SearchPage object at 0x000001D411196810>> = <pages.SearchPage.SearchPage object at 0x000001D411196810>.retrieve_no_product_message\n\ntests\\test_Search.py:24: AssertionError"}, "start": 1682494425378, "stop": 1682494426494, "uuid": "e1dd643e-f473-4058-bd10-db78057076ef", "historyId": "4f7e791a8bfc9969d7c3ec0dbf958f7e", "testCaseId": "05faa69b42346d7fd4713a5dbe872b45", "fullName": "tests.test_Search.TestSearch#test_search_without_entering_any_product", "labels": [{"name": "tag", "value": "@pytest.mark.usefixtures('setup_and_teardown', 'log_on_failure')"}, {"name": "parentSuite", "value": "tests"}, {"name": "suite", "value": "test_Search"}, {"name": "subSuite", "value": "TestSearch"}, {"name": "host", "value": "ArunMotoori"}, {"name": "thread", "value": "10900-MainThread"}, {"name": "framework", "value": "pytest"}, {"name": "language", "value": "cpython3"}, {"name": "package", "value": "tests.test_Search"}]}