{
  "uid" : "9608827a6c05f790",
  "name" : "test_search_without_entering_any_product",
  "fullName" : "tests.test_Search.TestSearch#test_search_without_entering_any_product",
  "historyId" : "4f7e791a8bfc9969d7c3ec0dbf958f7e",
  "time" : {
    "start" : 1682421451874,
    "stop" : 1682421452915,
    "duration" : 1041
  },
  "status" : "failed",
  "statusMessage" : "AssertionError: assert False\n +  where False = <method-wrapper '__eq__' of str object at 0x0000023525A54EA0>('There is no product that matches the search criteria.ABC')\n +    where <method-wrapper '__eq__' of str object at 0x0000023525A54EA0> = 'There is no product that matches the search criteria.'.__eq__\n +      where 'There is no product that matches the search criteria.' = <bound method SearchPage.retrieve_no_product_message of <pages.SearchPage.SearchPage object at 0x0000023525A9D810>>()\n +        where <bound method SearchPage.retrieve_no_product_message of <pages.SearchPage.SearchPage object at 0x0000023525A9D810>> = <pages.SearchPage.SearchPage object at 0x0000023525A9D810>.retrieve_no_product_message",
  "statusTrace" : "self = <tests.test_Search.TestSearch object at 0x0000023525A4DB90>\n\n    def test_search_without_entering_any_product(self):\n        home_page = HomePage(self.driver)\n        search_page = home_page.search_for_a_product(\"\")\n        expected_text = \"There is no product that matches the search criteria.ABC\"\n>       assert search_page.retrieve_no_product_message().__eq__(expected_text)\nE       AssertionError: assert False\nE        +  where False = <method-wrapper '__eq__' of str object at 0x0000023525A54EA0>('There is no product that matches the search criteria.ABC')\nE        +    where <method-wrapper '__eq__' of str object at 0x0000023525A54EA0> = 'There is no product that matches the search criteria.'.__eq__\nE        +      where 'There is no product that matches the search criteria.' = <bound method SearchPage.retrieve_no_product_message of <pages.SearchPage.SearchPage object at 0x0000023525A9D810>>()\nE        +        where <bound method SearchPage.retrieve_no_product_message of <pages.SearchPage.SearchPage object at 0x0000023525A9D810>> = <pages.SearchPage.SearchPage object at 0x0000023525A9D810>.retrieve_no_product_message\n\ntests\\test_Search.py:24: AssertionError",
  "flaky" : false,
  "beforeStages" : [ {
    "name" : "log_on_failure",
    "time" : {
      "start" : 1682421451873,
      "stop" : 1682421451873,
      "duration" : 0
    },
    "status" : "passed",
    "steps" : [ ],
    "attachments" : [ ],
    "parameters" : [ ],
    "attachmentsCount" : 0,
    "shouldDisplayMessage" : false,
    "stepsCount" : 0,
    "hasContent" : false
  }, {
    "name" : "setup_and_teardown",
    "time" : {
      "start" : 1682421444501,
      "stop" : 1682421451872,
      "duration" : 7371
    },
    "status" : "passed",
    "steps" : [ ],
    "attachments" : [ ],
    "parameters" : [ ],
    "attachmentsCount" : 0,
    "shouldDisplayMessage" : false,
    "stepsCount" : 0,
    "hasContent" : false
  } ],
  "afterStages" : [ {
    "name" : "log_on_failure::0",
    "time" : {
      "start" : 1682421453254,
      "stop" : 1682421453468,
      "duration" : 214
    },
    "status" : "passed",
    "steps" : [ ],
    "attachments" : [ {
      "uid" : "c7c8c174c42dd555",
      "name" : "failed_test",
      "source" : "c7c8c174c42dd555.png",
      "type" : "image/png",
      "size" : 80272
    } ],
    "parameters" : [ ],
    "attachmentsCount" : 1,
    "shouldDisplayMessage" : false,
    "stepsCount" : 0,
    "hasContent" : true
  }, {
    "name" : "setup_and_teardown::0",
    "time" : {
      "start" : 1682421453469,
      "stop" : 1682421455827,
      "duration" : 2358
    },
    "status" : "passed",
    "steps" : [ ],
    "attachments" : [ ],
    "parameters" : [ ],
    "attachmentsCount" : 0,
    "shouldDisplayMessage" : false,
    "stepsCount" : 0,
    "hasContent" : false
  } ],
  "labels" : [ {
    "name" : "tag",
    "value" : "@pytest.mark.usefixtures('setup_and_teardown', 'log_on_failure')"
  }, {
    "name" : "parentSuite",
    "value" : "tests"
  }, {
    "name" : "suite",
    "value" : "test_Search"
  }, {
    "name" : "subSuite",
    "value" : "TestSearch"
  }, {
    "name" : "host",
    "value" : "ArunMotoori"
  }, {
    "name" : "thread",
    "value" : "7160-MainThread"
  }, {
    "name" : "framework",
    "value" : "pytest"
  }, {
    "name" : "language",
    "value" : "cpython3"
  }, {
    "name" : "package",
    "value" : "tests.test_Search"
  }, {
    "name" : "resultFormat",
    "value" : "allure2"
  } ],
  "parameters" : [ ],
  "links" : [ ],
  "hidden" : true,
  "retry" : true,
  "extra" : {
    "categories" : [ ],
    "tags" : [ "@pytest.mark.usefixtures('setup_and_teardown', 'log_on_failure')" ]
  },
  "source" : "9608827a6c05f790.json",
  "parameterValues" : [ ]
}