{
  "uid" : "9e1b90f6cd157dcd",
  "name" : "test_search_without_entering_any_product",
  "fullName" : "tests.test_Search.TestSearch#test_search_without_entering_any_product",
  "historyId" : "4f7e791a8bfc9969d7c3ec0dbf958f7e",
  "time" : {
    "start" : 1682494087391,
    "stop" : 1682494088425,
    "duration" : 1034
  },
  "status" : "failed",
  "statusMessage" : "AssertionError: assert False\n +  where False = <method-wrapper '__eq__' of str object at 0x000001A951D8F750>('There is no product that matches the search criteria.ABC')\n +    where <method-wrapper '__eq__' of str object at 0x000001A951D8F750> = 'There is no product that matches the search criteria.'.__eq__\n +      where 'There is no product that matches the search criteria.' = <bound method SearchPage.retrieve_no_product_message of <pages.SearchPage.SearchPage object at 0x000001A952135810>>()\n +        where <bound method SearchPage.retrieve_no_product_message of <pages.SearchPage.SearchPage object at 0x000001A952135810>> = <pages.SearchPage.SearchPage object at 0x000001A952135810>.retrieve_no_product_message",
  "statusTrace" : "self = <tests.test_Search.TestSearch object at 0x000001A951DB9350>\n\n    def test_search_without_entering_any_product(self):\n        home_page = HomePage(self.driver)\n        search_page = home_page.search_for_a_product(\"\")\n        expected_text = \"There is no product that matches the search criteria.ABC\"\n>       assert search_page.retrieve_no_product_message().__eq__(expected_text)\nE       AssertionError: assert False\nE        +  where False = <method-wrapper '__eq__' of str object at 0x000001A951D8F750>('There is no product that matches the search criteria.ABC')\nE        +    where <method-wrapper '__eq__' of str object at 0x000001A951D8F750> = 'There is no product that matches the search criteria.'.__eq__\nE        +      where 'There is no product that matches the search criteria.' = <bound method SearchPage.retrieve_no_product_message of <pages.SearchPage.SearchPage object at 0x000001A952135810>>()\nE        +        where <bound method SearchPage.retrieve_no_product_message of <pages.SearchPage.SearchPage object at 0x000001A952135810>> = <pages.SearchPage.SearchPage object at 0x000001A952135810>.retrieve_no_product_message\n\ntests\\test_Search.py:24: AssertionError",
  "flaky" : false,
  "beforeStages" : [ {
    "name" : "log_on_failure",
    "time" : {
      "start" : 1682494087388,
      "stop" : 1682494087388,
      "duration" : 0
    },
    "status" : "passed",
    "steps" : [ ],
    "attachments" : [ ],
    "parameters" : [ ],
    "attachmentsCount" : 0,
    "shouldDisplayMessage" : false,
    "stepsCount" : 0,
    "hasContent" : false
  }, {
    "name" : "setup_and_teardown",
    "time" : {
      "start" : 1682494074061,
      "stop" : 1682494087386,
      "duration" : 13325
    },
    "status" : "passed",
    "steps" : [ ],
    "attachments" : [ ],
    "parameters" : [ ],
    "attachmentsCount" : 0,
    "shouldDisplayMessage" : false,
    "stepsCount" : 0,
    "hasContent" : false
  } ],
  "afterStages" : [ {
    "name" : "log_on_failure::0",
    "time" : {
      "start" : 1682494088983,
      "stop" : 1682494089242,
      "duration" : 259
    },
    "status" : "passed",
    "steps" : [ ],
    "attachments" : [ {
      "uid" : "12abdb3cc124ef69",
      "name" : "failed_test",
      "source" : "12abdb3cc124ef69.png",
      "type" : "image/png",
      "size" : 79727
    } ],
    "parameters" : [ ],
    "attachmentsCount" : 1,
    "shouldDisplayMessage" : false,
    "stepsCount" : 0,
    "hasContent" : true
  }, {
    "name" : "setup_and_teardown::0",
    "time" : {
      "start" : 1682494089244,
      "stop" : 1682494091756,
      "duration" : 2512
    },
    "status" : "passed",
    "steps" : [ ],
    "attachments" : [ ],
    "parameters" : [ ],
    "attachmentsCount" : 0,
    "shouldDisplayMessage" : false,
    "stepsCount" : 0,
    "hasContent" : false
  } ],
  "labels" : [ {
    "name" : "tag",
    "value" : "@pytest.mark.usefixtures('setup_and_teardown', 'log_on_failure')"
  }, {
    "name" : "parentSuite",
    "value" : "tests"
  }, {
    "name" : "suite",
    "value" : "test_Search"
  }, {
    "name" : "subSuite",
    "value" : "TestSearch"
  }, {
    "name" : "host",
    "value" : "ArunMotoori"
  }, {
    "name" : "thread",
    "value" : "27116-MainThread"
  }, {
    "name" : "framework",
    "value" : "pytest"
  }, {
    "name" : "language",
    "value" : "cpython3"
  }, {
    "name" : "package",
    "value" : "tests.test_Search"
  }, {
    "name" : "resultFormat",
    "value" : "allure2"
  } ],
  "parameters" : [ ],
  "links" : [ ],
  "hidden" : true,
  "retry" : true,
  "extra" : {
    "categories" : [ ],
    "tags" : [ "@pytest.mark.usefixtures('setup_and_teardown', 'log_on_failure')" ]
  },
  "source" : "9e1b90f6cd157dcd.json",
  "parameterValues" : [ ]
}